<?xml version="1.0" encoding="UTF-8"?>
<testng-results skipped="0" failed="0" ignored="0" total="1" passed="1">
  <reporter-output>
  </reporter-output>
  <suite name="Default suite" duration-ms="4372" started-at="2022-09-05T00:41:41 EDT" finished-at="2022-09-05T00:41:46 EDT">
    <groups>
    </groups>
    <test name="Default test" duration-ms="4372" started-at="2022-09-05T00:41:41 EDT" finished-at="2022-09-05T00:41:46 EDT">
      <class name="test.MonthTest">
        <test-method status="PASS" signature="test()[pri:0, instance:test.MonthTest@1d29cf23]" name="test" duration-ms="4312" started-at="2022-09-05T00:41:41 EDT" finished-at="2022-09-05T00:41:46 EDT">
          <reporter-output>
          </reporter-output>
        </test-method> <!-- test -->
      </class> <!-- test.MonthTest -->
    </test> <!-- Default test -->
  </suite> <!-- Default suite -->
</testng-results>
